<?xml version="1.0" encoding="UTF-8"?>
<!-- Generated by org.testng.reporters.JUnitXMLReporter -->
<testsuite ignored="2" hostname="Gauravs-MacBook-Air.local" failures="1" tests="1" name="All Assigned Candidate Page Test Case-6" time="3.717" errors="0" timestamp="2024-11-30T21:01:14 IST">
  <testcase classname="org.test.CandidateTest" name="simpleTest2" time="1.147">
    <failure type="java.lang.NullPointerException" message="Cannot invoke &amp;quot;org.openqa.selenium.WebElement.click()&amp;quot; because &amp;quot;this.loginInput&amp;quot; is null">
      <![CDATA[java.lang.NullPointerException: Cannot invoke "org.openqa.selenium.WebElement.click()" because "this.loginInput" is null
at org.test.CommonFunction.addContactFormAPI(CommonFunction.java:16)
at org.test.CandidateTest.simpleTest2(CandidateTest.java:31)
at java.base/java.util.ArrayList.forEach(ArrayList.java:1596)
at java.base/java.util.concurrent.FutureTask.run(FutureTask.java:317)
at java.base/java.util.concurrent.ThreadPoolExecutor.runWorker(ThreadPoolExecutor.java:1144)
at java.base/java.util.concurrent.ThreadPoolExecutor$Worker.run(ThreadPoolExecutor.java:642)
at java.base/java.lang.Thread.run(Thread.java:1583)
... Removed 15 stack frames]]>
    </failure>
  </testcase> <!-- simpleTest2 -->
  <testcase classname="org.test.CandidateTest" name="testcheck" time="0.0">
    <ignored/>
  </testcase> <!-- testcheck -->
  <testcase classname="org.test.CandidateTest" name="dataProviderTestCase" time="0.0">
    <ignored/>
  </testcase> <!-- dataProviderTestCase -->
</testsuite> <!-- All Assigned Candidate Page Test Case-6 -->
