<?xml version="1.0" encoding="UTF-8"?>
<!-- Generated by org.testng.reporters.JUnitXMLReporter -->
<testsuite ignored="2" hostname="Gauravs-MacBook-Air.local" failures="1" tests="2" name="All Assigned Candidate Page Test Case-5" time="3.726" errors="0" timestamp="2024-11-30T18:41:00 IST">
  <testcase classname="org.example.SeleniumAspectSupportTest" name="dataProviderTestCase" time="0.181">
    <failure type="java.lang.AssertionError" message="Data is invalid. ">
      <![CDATA[java.lang.AssertionError: Data is invalid. 
at org.example.SeleniumAspectSupportTest.dataProviderTestCase(SeleniumAspectSupportTest.java:43)
at java.base/java.util.ArrayList.forEach(ArrayList.java:1596)
at java.base/java.util.concurrent.FutureTask.run(FutureTask.java:317)
at java.base/java.util.concurrent.ThreadPoolExecutor.runWorker(ThreadPoolExecutor.java:1144)
at java.base/java.util.concurrent.ThreadPoolExecutor$Worker.run(ThreadPoolExecutor.java:642)
at java.base/java.lang.Thread.run(Thread.java:1583)
... Removed 16 stack frames]]>
    </failure>
  </testcase> <!-- dataProviderTestCase -->
  <testcase classname="org.example.SeleniumAspectSupportTest" name="dataProviderTestCase" time="0.001"/>
  <testcase classname="org.example.SeleniumAspectSupportTest" name="testcheck" time="0.0">
    <ignored/>
  </testcase> <!-- testcheck -->
  <testcase classname="org.example.SeleniumAspectSupportTest" name="simpleTest" time="0.0">
    <ignored/>
  </testcase> <!-- simpleTest -->
</testsuite> <!-- All Assigned Candidate Page Test Case-5 -->
