<?xml version="1.0" encoding="UTF-8"?>
<!-- Generated by org.testng.reporters.JUnitXMLReporter -->
<testsuite ignored="2" hostname="Gauravs-MacBook-Air.local" failures="0" tests="2" name="All Assigned Candidate Page Test Case-5" time="2.13" errors="0" timestamp="2024-11-12T02:13:06 IST">
  <testcase classname="org.example.SeleniumAspectSupportTest" name="dataProviderTestCase" time="0.005"/>
  <testcase classname="org.example.SeleniumAspectSupportTest" name="dataProviderTestCase" time="0.001"/>
  <testcase classname="org.example.SeleniumAspectSupportTest" name="testcheck" time="0.0">
    <ignored/>
  </testcase> <!-- testcheck -->
  <testcase classname="org.example.SeleniumAspectSupportTest" name="simpleTest" time="0.0">
    <ignored/>
  </testcase> <!-- simpleTest -->
</testsuite> <!-- All Assigned Candidate Page Test Case-5 -->
