<?xml version="1.0" encoding="UTF-8"?>
<!-- Generated by org.testng.reporters.JUnitXMLReporter -->
<testsuite ignored="2" hostname="Gauravs-MacBook-Air.local" failures="0" tests="1" name="All Assigned Candidate Page Test Case-3" time="4.212" errors="0" timestamp="2024-11-30T18:41:01 IST">
  <testcase classname="org.example.SeleniumAspectSupportTest" name="testcheck" time="0.59"/>
  <testcase classname="org.example.SeleniumAspectSupportTest" name="simpleTest" time="0.0">
    <ignored/>
  </testcase> <!-- simpleTest -->
  <testcase classname="org.example.SeleniumAspectSupportTest" name="dataProviderTestCase" time="0.0">
    <ignored/>
  </testcase> <!-- dataProviderTestCase -->
</testsuite> <!-- All Assigned Candidate Page Test Case-3 -->
